INFO  time: initialize in 0.28s
WARN  no build tool detected in workspace '/home/shane/code/LawnnannyApiSdk'. The most common cause for this problem is that the editor was opened in the wrong working directory, for example if you use sbt then the workspace directory should contain build.sbt. 
WARN  no build target: /home/shane/code/LawnnannyApiSdk/lawnnannysdk/shared/src/main/scala/HttpClient/HttpClient.scala
WARN  no build target: /home/shane/code/LawnnannyApiSdk/lawnnannysdk/jvm/src/test/scala/HttpClient/HttpClient.spec.scala
INFO  no build target: using presentation compiler with only scala-library
WARN  no build target: /home/shane/code/LawnnannyApiSdk/lawnnannysdk/shared/src/main/scala/HttpClient/HttpClient.scala
WARN  no build tool detected in workspace '/home/shane/code/LawnnannyApiSdk'. The most common cause for this problem is that the editor was opened in the wrong working directory, for example if you use sbt then the workspace directory should contain build.sbt. 
WARN  no build tool detected in workspace '/home/shane/code/LawnnannyApiSdk'. The most common cause for this problem is that the editor was opened in the wrong working directory, for example if you use sbt then the workspace directory should contain build.sbt. 
WARN  no build target: /home/shane/code/LawnnannyApiSdk/lawnnannysdk/shared/src/main/scala/HttpClient/HttpClient.scala
WARN  no build tool detected in workspace '/home/shane/code/LawnnannyApiSdk'. The most common cause for this problem is that the editor was opened in the wrong working directory, for example if you use sbt then the workspace directory should contain build.sbt. 
WARN  no build tool detected in workspace '/home/shane/code/LawnnannyApiSdk'. The most common cause for this problem is that the editor was opened in the wrong working directory, for example if you use sbt then the workspace directory should contain build.sbt. 
WARN  no build target: /home/shane/code/LawnnannyApiSdk/lawnnannysdk/shared/src/main/scala/HttpClient/HttpClient.scala
WARN  no build target: /home/shane/code/LawnnannyApiSdk/lawnnannysdk/shared/src/main/scala/HttpClient/HttpClient.scala
WARN  no build target: /home/shane/code/LawnnannyApiSdk/lawnnannysdk/shared/src/main/scala/HttpClient/HttpClient.scala
WARN  no build tool detected in workspace '/home/shane/code/LawnnannyApiSdk'. The most common cause for this problem is that the editor was opened in the wrong working directory, for example if you use sbt then the workspace directory should contain build.sbt. 
WARN  no build tool detected in workspace '/home/shane/code/LawnnannyApiSdk'. The most common cause for this problem is that the editor was opened in the wrong working directory, for example if you use sbt then the workspace directory should contain build.sbt. 
WARN  no build target: /home/shane/code/LawnnannyApiSdk/lawnnannysdk/shared/src/main/scala/HttpClient/HttpClient.scala
WARN  no build tool detected in workspace '/home/shane/code/LawnnannyApiSdk'. The most common cause for this problem is that the editor was opened in the wrong working directory, for example if you use sbt then the workspace directory should contain build.sbt. 
WARN  no build tool detected in workspace '/home/shane/code/LawnnannyApiSdk'. The most common cause for this problem is that the editor was opened in the wrong working directory, for example if you use sbt then the workspace directory should contain build.sbt. 
WARN  no build target: /home/shane/code/LawnnannyApiSdk/lawnnannysdk/jvm/src/test/scala/HttpClient/HttpClient.spec.scala
WARN  no build tool detected in workspace '/home/shane/code/LawnnannyApiSdk'. The most common cause for this problem is that the editor was opened in the wrong working directory, for example if you use sbt then the workspace directory should contain build.sbt. 
WARN  no build tool detected in workspace '/home/shane/code/LawnnannyApiSdk'. The most common cause for this problem is that the editor was opened in the wrong working directory, for example if you use sbt then the workspace directory should contain build.sbt. 
WARN  no build tool detected in workspace '/home/shane/code/LawnnannyApiSdk'. The most common cause for this problem is that the editor was opened in the wrong working directory, for example if you use sbt then the workspace directory should contain build.sbt. 
WARN  no build tool detected in workspace '/home/shane/code/LawnnannyApiSdk'. The most common cause for this problem is that the editor was opened in the wrong working directory, for example if you use sbt then the workspace directory should contain build.sbt. 
WARN  no build tool detected in workspace '/home/shane/code/LawnnannyApiSdk'. The most common cause for this problem is that the editor was opened in the wrong working directory, for example if you use sbt then the workspace directory should contain build.sbt. 
WARN  no build tool detected in workspace '/home/shane/code/LawnnannyApiSdk'. The most common cause for this problem is that the editor was opened in the wrong working directory, for example if you use sbt then the workspace directory should contain build.sbt. 
WARN  no build target: /home/shane/code/LawnnannyApiSdk/lawnnannysdk/jvm/src/test/scala/HttpClient/HttpClient.spec.scala
WARN  no build target: /home/shane/code/LawnnannyApiSdk/lawnnannysdk/jvm/src/test/scala/HttpClient/HttpClient.spec.scala
WARN  no build tool detected in workspace '/home/shane/code/LawnnannyApiSdk'. The most common cause for this problem is that the editor was opened in the wrong working directory, for example if you use sbt then the workspace directory should contain build.sbt. 
WARN  no build tool detected in workspace '/home/shane/code/LawnnannyApiSdk'. The most common cause for this problem is that the editor was opened in the wrong working directory, for example if you use sbt then the workspace directory should contain build.sbt. 
WARN  no build tool detected in workspace '/home/shane/code/LawnnannyApiSdk'. The most common cause for this problem is that the editor was opened in the wrong working directory, for example if you use sbt then the workspace directory should contain build.sbt. 
WARN  no build tool detected in workspace '/home/shane/code/LawnnannyApiSdk'. The most common cause for this problem is that the editor was opened in the wrong working directory, for example if you use sbt then the workspace directory should contain build.sbt. 
WARN  no build tool detected in workspace '/home/shane/code/LawnnannyApiSdk'. The most common cause for this problem is that the editor was opened in the wrong working directory, for example if you use sbt then the workspace directory should contain build.sbt. 
WARN  no build tool detected in workspace '/home/shane/code/LawnnannyApiSdk'. The most common cause for this problem is that the editor was opened in the wrong working directory, for example if you use sbt then the workspace directory should contain build.sbt. 
WARN  no build target: /home/shane/code/LawnnannyApiSdk/lawnnannysdk/jvm/src/test/scala/HttpClient/HttpClient.spec.scala
WARN  no build tool detected in workspace '/home/shane/code/LawnnannyApiSdk'. The most common cause for this problem is that the editor was opened in the wrong working directory, for example if you use sbt then the workspace directory should contain build.sbt. 
WARN  no build tool detected in workspace '/home/shane/code/LawnnannyApiSdk'. The most common cause for this problem is that the editor was opened in the wrong working directory, for example if you use sbt then the workspace directory should contain build.sbt. 
WARN  no build tool detected in workspace '/home/shane/code/LawnnannyApiSdk'. The most common cause for this problem is that the editor was opened in the wrong working directory, for example if you use sbt then the workspace directory should contain build.sbt. 
WARN  no build tool detected in workspace '/home/shane/code/LawnnannyApiSdk'. The most common cause for this problem is that the editor was opened in the wrong working directory, for example if you use sbt then the workspace directory should contain build.sbt. 
WARN  no build target: /home/shane/code/LawnnannyApiSdk/lawnnannysdk/jvm/src/test/scala/HttpClient/HttpClient.spec.scala
WARN  no build target: /home/shane/code/LawnnannyApiSdk/lawnnannysdk/jvm/src/test/scala/HttpClient/HttpClient.spec.scala
WARN  no build tool detected in workspace '/home/shane/code/LawnnannyApiSdk'. The most common cause for this problem is that the editor was opened in the wrong working directory, for example if you use sbt then the workspace directory should contain build.sbt. 
WARN  no build tool detected in workspace '/home/shane/code/LawnnannyApiSdk'. The most common cause for this problem is that the editor was opened in the wrong working directory, for example if you use sbt then the workspace directory should contain build.sbt. 
WARN  no build tool detected in workspace '/home/shane/code/LawnnannyApiSdk'. The most common cause for this problem is that the editor was opened in the wrong working directory, for example if you use sbt then the workspace directory should contain build.sbt. 
WARN  no build tool detected in workspace '/home/shane/code/LawnnannyApiSdk'. The most common cause for this problem is that the editor was opened in the wrong working directory, for example if you use sbt then the workspace directory should contain build.sbt. 
WARN  no build tool detected in workspace '/home/shane/code/LawnnannyApiSdk'. The most common cause for this problem is that the editor was opened in the wrong working directory, for example if you use sbt then the workspace directory should contain build.sbt. 
WARN  no build tool detected in workspace '/home/shane/code/LawnnannyApiSdk'. The most common cause for this problem is that the editor was opened in the wrong working directory, for example if you use sbt then the workspace directory should contain build.sbt. 
WARN  no build tool detected in workspace '/home/shane/code/LawnnannyApiSdk'. The most common cause for this problem is that the editor was opened in the wrong working directory, for example if you use sbt then the workspace directory should contain build.sbt. 
WARN  no build tool detected in workspace '/home/shane/code/LawnnannyApiSdk'. The most common cause for this problem is that the editor was opened in the wrong working directory, for example if you use sbt then the workspace directory should contain build.sbt. 
WARN  no build tool detected in workspace '/home/shane/code/LawnnannyApiSdk'. The most common cause for this problem is that the editor was opened in the wrong working directory, for example if you use sbt then the workspace directory should contain build.sbt. 
WARN  no build tool detected in workspace '/home/shane/code/LawnnannyApiSdk'. The most common cause for this problem is that the editor was opened in the wrong working directory, for example if you use sbt then the workspace directory should contain build.sbt. 
WARN  no build target: /home/shane/code/LawnnannyApiSdk/lawnnannysdk/jvm/src/test/scala/HttpClient/HttpClient.spec.scala
WARN  no build target: /home/shane/code/LawnnannyApiSdk/lawnnannysdk/shared/src/main/scala/HttpClient/HttpClient.scala
WARN  no build target: /home/shane/code/LawnnannyApiSdk/lawnnannysdk/jvm/src/test/scala/HttpClient/HttpClient.spec.scala
WARN  no build target: /home/shane/code/LawnnannyApiSdk/lawnnannysdk/jvm/src/test/scala/HttpClient/HttpClient.spec.scala
WARN  no build tool detected in workspace '/home/shane/code/LawnnannyApiSdk'. The most common cause for this problem is that the editor was opened in the wrong working directory, for example if you use sbt then the workspace directory should contain build.sbt. 
WARN  no build tool detected in workspace '/home/shane/code/LawnnannyApiSdk'. The most common cause for this problem is that the editor was opened in the wrong working directory, for example if you use sbt then the workspace directory should contain build.sbt. 
WARN  no build target: /home/shane/code/LawnnannyApiSdk/lawnnannysdk/shared/src/main/scala/HttpClient/HttpClient.scala
WARN  no build target: /home/shane/code/LawnnannyApiSdk/lawnnannysdk/shared/src/main/scala/HttpClient/HttpClient.scala
WARN  no build tool detected in workspace '/home/shane/code/LawnnannyApiSdk'. The most common cause for this problem is that the editor was opened in the wrong working directory, for example if you use sbt then the workspace directory should contain build.sbt. 
WARN  no build tool detected in workspace '/home/shane/code/LawnnannyApiSdk'. The most common cause for this problem is that the editor was opened in the wrong working directory, for example if you use sbt then the workspace directory should contain build.sbt. 
WARN  no build tool detected in workspace '/home/shane/code/LawnnannyApiSdk'. The most common cause for this problem is that the editor was opened in the wrong working directory, for example if you use sbt then the workspace directory should contain build.sbt. 
WARN  no build tool detected in workspace '/home/shane/code/LawnnannyApiSdk'. The most common cause for this problem is that the editor was opened in the wrong working directory, for example if you use sbt then the workspace directory should contain build.sbt. 
WARN  no build tool detected in workspace '/home/shane/code/LawnnannyApiSdk'. The most common cause for this problem is that the editor was opened in the wrong working directory, for example if you use sbt then the workspace directory should contain build.sbt. 
WARN  no build tool detected in workspace '/home/shane/code/LawnnannyApiSdk'. The most common cause for this problem is that the editor was opened in the wrong working directory, for example if you use sbt then the workspace directory should contain build.sbt. 
WARN  no build tool detected in workspace '/home/shane/code/LawnnannyApiSdk'. The most common cause for this problem is that the editor was opened in the wrong working directory, for example if you use sbt then the workspace directory should contain build.sbt. 
WARN  no build tool detected in workspace '/home/shane/code/LawnnannyApiSdk'. The most common cause for this problem is that the editor was opened in the wrong working directory, for example if you use sbt then the workspace directory should contain build.sbt. 
WARN  no build target: /home/shane/code/LawnnannyApiSdk/lawnnannysdk/jvm/src/test/scala/HttpClient/HttpClient.spec.scala
WARN  no build target: /home/shane/code/LawnnannyApiSdk/lawnnannysdk/jvm/src/test/scala/LawnnannyUser/UserAPI.spec.scala
WARN  no build tool detected in workspace '/home/shane/code/LawnnannyApiSdk'. The most common cause for this problem is that the editor was opened in the wrong working directory, for example if you use sbt then the workspace directory should contain build.sbt. 
WARN  no build tool detected in workspace '/home/shane/code/LawnnannyApiSdk'. The most common cause for this problem is that the editor was opened in the wrong working directory, for example if you use sbt then the workspace directory should contain build.sbt. 
WARN  no build target: /home/shane/code/LawnnannyApiSdk/lawnnannysdk/jvm/src/test/scala/LawnnannyUser/UserAPI.spec.scala
WARN  no build target: /home/shane/code/LawnnannyApiSdk/lawnnannysdk/jvm/src/test/scala/LawnnannyUser/UserAPI.spec.scala
WARN  no build tool detected in workspace '/home/shane/code/LawnnannyApiSdk'. The most common cause for this problem is that the editor was opened in the wrong working directory, for example if you use sbt then the workspace directory should contain build.sbt. 
WARN  no build tool detected in workspace '/home/shane/code/LawnnannyApiSdk'. The most common cause for this problem is that the editor was opened in the wrong working directory, for example if you use sbt then the workspace directory should contain build.sbt. 
WARN  no build tool detected in workspace '/home/shane/code/LawnnannyApiSdk'. The most common cause for this problem is that the editor was opened in the wrong working directory, for example if you use sbt then the workspace directory should contain build.sbt. 
WARN  no build tool detected in workspace '/home/shane/code/LawnnannyApiSdk'. The most common cause for this problem is that the editor was opened in the wrong working directory, for example if you use sbt then the workspace directory should contain build.sbt. 
WARN  no build target: /home/shane/code/LawnnannyApiSdk/lawnnannysdk/jvm/src/test/scala/HttpClient/HttpClient.spec.scala
WARN  no build target: /home/shane/code/LawnnannyApiSdk/lawnnannysdk/jvm/src/test/scala/HttpClient/HttpClient.spec.scala
WARN  no build tool detected in workspace '/home/shane/code/LawnnannyApiSdk'. The most common cause for this problem is that the editor was opened in the wrong working directory, for example if you use sbt then the workspace directory should contain build.sbt. 
WARN  no build tool detected in workspace '/home/shane/code/LawnnannyApiSdk'. The most common cause for this problem is that the editor was opened in the wrong working directory, for example if you use sbt then the workspace directory should contain build.sbt. 
WARN  no build tool detected in workspace '/home/shane/code/LawnnannyApiSdk'. The most common cause for this problem is that the editor was opened in the wrong working directory, for example if you use sbt then the workspace directory should contain build.sbt. 
WARN  no build tool detected in workspace '/home/shane/code/LawnnannyApiSdk'. The most common cause for this problem is that the editor was opened in the wrong working directory, for example if you use sbt then the workspace directory should contain build.sbt. 
WARN  no build target: /home/shane/code/LawnnannyApiSdk/lawnnannysdk/jvm/src/test/scala/HttpClient/HttpClient.spec.scala
WARN  no build target: /home/shane/code/LawnnannyApiSdk/lawnnannysdk/jvm/src/test/scala/HttpClient/HttpClient.spec.scala
WARN  no build target: /home/shane/code/LawnnannyApiSdk/lawnnannysdk/jvm/src/test/scala/HttpClient/HttpClient.spec.scala
WARN  no build target: /home/shane/code/LawnnannyApiSdk/lawnnannysdk/jvm/src/test/scala/HttpClient/HttpClient.spec.scala
WARN  no build target: /home/shane/code/LawnnannyApiSdk/lawnnannysdk/jvm/src/test/scala/HttpClient/HttpClient.spec.scala
WARN  no build target: /home/shane/code/LawnnannyApiSdk/lawnnannysdk/jvm/src/test/scala/HttpClient/HttpClient.spec.scala
WARN  no build tool detected in workspace '/home/shane/code/LawnnannyApiSdk'. The most common cause for this problem is that the editor was opened in the wrong working directory, for example if you use sbt then the workspace directory should contain build.sbt. 
WARN  no build tool detected in workspace '/home/shane/code/LawnnannyApiSdk'. The most common cause for this problem is that the editor was opened in the wrong working directory, for example if you use sbt then the workspace directory should contain build.sbt. 
WARN  no build tool detected in workspace '/home/shane/code/LawnnannyApiSdk'. The most common cause for this problem is that the editor was opened in the wrong working directory, for example if you use sbt then the workspace directory should contain build.sbt. 
WARN  no build tool detected in workspace '/home/shane/code/LawnnannyApiSdk'. The most common cause for this problem is that the editor was opened in the wrong working directory, for example if you use sbt then the workspace directory should contain build.sbt. 
WARN  no build target: /home/shane/code/LawnnannyApiSdk/lawnnannysdk/jvm/src/test/scala/HttpClient/HttpClient.spec.scala
WARN  no build target: /home/shane/code/LawnnannyApiSdk/lawnnannysdk/jvm/src/test/scala/HttpClient/HttpClient.spec.scala
WARN  no build target: /home/shane/code/LawnnannyApiSdk/lawnnannysdk/jvm/src/test/scala/HttpClient/HttpClient.spec.scala
WARN  no build tool detected in workspace '/home/shane/code/LawnnannyApiSdk'. The most common cause for this problem is that the editor was opened in the wrong working directory, for example if you use sbt then the workspace directory should contain build.sbt. 
WARN  no build tool detected in workspace '/home/shane/code/LawnnannyApiSdk'. The most common cause for this problem is that the editor was opened in the wrong working directory, for example if you use sbt then the workspace directory should contain build.sbt. 
WARN  no build tool detected in workspace '/home/shane/code/LawnnannyApiSdk'. The most common cause for this problem is that the editor was opened in the wrong working directory, for example if you use sbt then the workspace directory should contain build.sbt. 
WARN  no build tool detected in workspace '/home/shane/code/LawnnannyApiSdk'. The most common cause for this problem is that the editor was opened in the wrong working directory, for example if you use sbt then the workspace directory should contain build.sbt. 
WARN  no build tool detected in workspace '/home/shane/code/LawnnannyApiSdk'. The most common cause for this problem is that the editor was opened in the wrong working directory, for example if you use sbt then the workspace directory should contain build.sbt. 
WARN  no build tool detected in workspace '/home/shane/code/LawnnannyApiSdk'. The most common cause for this problem is that the editor was opened in the wrong working directory, for example if you use sbt then the workspace directory should contain build.sbt. 
WARN  no build target: /home/shane/code/LawnnannyApiSdk/lawnnannysdk/jvm/src/test/scala/HttpClient/HttpClient.spec.scala
WARN  no build target: /home/shane/code/LawnnannyApiSdk/lawnnannysdk/jvm/src/test/scala/HttpClient/HttpClient.spec.scala
WARN  no build target: /home/shane/code/LawnnannyApiSdk/lawnnannysdk/jvm/src/test/scala/HttpClient/HttpClient.spec.scala
WARN  no build target: /home/shane/code/LawnnannyApiSdk/lawnnannysdk/jvm/src/test/scala/HttpClient/HttpClient.spec.scala
WARN  no build target: /home/shane/code/LawnnannyApiSdk/lawnnannysdk/jvm/src/test/scala/HttpClient/HttpClient.spec.scala
WARN  no build target: /home/shane/code/LawnnannyApiSdk/lawnnannysdk/jvm/src/test/scala/HttpClient/HttpClient.spec.scala
WARN  no build tool detected in workspace '/home/shane/code/LawnnannyApiSdk'. The most common cause for this problem is that the editor was opened in the wrong working directory, for example if you use sbt then the workspace directory should contain build.sbt. 
WARN  no build tool detected in workspace '/home/shane/code/LawnnannyApiSdk'. The most common cause for this problem is that the editor was opened in the wrong working directory, for example if you use sbt then the workspace directory should contain build.sbt. 
WARN  no build target: /home/shane/code/LawnnannyApiSdk/lawnnannysdk/jvm/src/test/scala/HttpClient/HttpClient.spec.scala
WARN  no build tool detected in workspace '/home/shane/code/LawnnannyApiSdk'. The most common cause for this problem is that the editor was opened in the wrong working directory, for example if you use sbt then the workspace directory should contain build.sbt. 
WARN  no build tool detected in workspace '/home/shane/code/LawnnannyApiSdk'. The most common cause for this problem is that the editor was opened in the wrong working directory, for example if you use sbt then the workspace directory should contain build.sbt. 
WARN  no build target: /home/shane/code/LawnnannyApiSdk/lawnnannysdk/shared/src/main/scala/HttpClient/HttpClient.scala
WARN  no build target: /home/shane/code/LawnnannyApiSdk/lawnnannysdk/jvm/src/test/scala/HttpClient/HttpClient.spec.scala
WARN  no build target: /home/shane/code/LawnnannyApiSdk/lawnnannysdk/jvm/src/test/scala/HttpClient/HttpClient.spec.scala
WARN  no build target: /home/shane/code/LawnnannyApiSdk/lawnnannysdk/jvm/src/test/scala/HttpClient/HttpClient.spec.scala
WARN  no build target: /home/shane/code/LawnnannyApiSdk/lawnnannysdk/jvm/src/test/scala/HttpClient/HttpClient.spec.scala
WARN  no build target: /home/shane/code/LawnnannyApiSdk/lawnnannysdk/jvm/src/test/scala/HttpClient/HttpClient.spec.scala
WARN  no build tool detected in workspace '/home/shane/code/LawnnannyApiSdk'. The most common cause for this problem is that the editor was opened in the wrong working directory, for example if you use sbt then the workspace directory should contain build.sbt. 
WARN  no build tool detected in workspace '/home/shane/code/LawnnannyApiSdk'. The most common cause for this problem is that the editor was opened in the wrong working directory, for example if you use sbt then the workspace directory should contain build.sbt. 
WARN  no build target: /home/shane/code/LawnnannyApiSdk/lawnnannysdk/jvm/src/test/scala/HttpClient/HttpClient.spec.scala
WARN  no build target: /home/shane/code/LawnnannyApiSdk/lawnnannysdk/shared/src/main/scala/HttpClient/HttpClient.scala
WARN  no build target: /home/shane/code/LawnnannyApiSdk/lawnnannysdk/jvm/src/test/scala/HttpClient/HttpClient.spec.scala
WARN  no build target: /home/shane/code/LawnnannyApiSdk/lawnnannysdk/jvm/src/test/scala/HttpClient/HttpClient.spec.scala
WARN  no build tool detected in workspace '/home/shane/code/LawnnannyApiSdk'. The most common cause for this problem is that the editor was opened in the wrong working directory, for example if you use sbt then the workspace directory should contain build.sbt. 
WARN  no build tool detected in workspace '/home/shane/code/LawnnannyApiSdk'. The most common cause for this problem is that the editor was opened in the wrong working directory, for example if you use sbt then the workspace directory should contain build.sbt. 
WARN  no build tool detected in workspace '/home/shane/code/LawnnannyApiSdk'. The most common cause for this problem is that the editor was opened in the wrong working directory, for example if you use sbt then the workspace directory should contain build.sbt. 
WARN  no build tool detected in workspace '/home/shane/code/LawnnannyApiSdk'. The most common cause for this problem is that the editor was opened in the wrong working directory, for example if you use sbt then the workspace directory should contain build.sbt. 
WARN  no build tool detected in workspace '/home/shane/code/LawnnannyApiSdk'. The most common cause for this problem is that the editor was opened in the wrong working directory, for example if you use sbt then the workspace directory should contain build.sbt. 
WARN  no build tool detected in workspace '/home/shane/code/LawnnannyApiSdk'. The most common cause for this problem is that the editor was opened in the wrong working directory, for example if you use sbt then the workspace directory should contain build.sbt. 
WARN  no build target: /home/shane/code/LawnnannyApiSdk/lawnnannysdk/jvm/src/test/scala/HttpClient/HttpClient.spec.scala
WARN  no build target: /home/shane/code/LawnnannyApiSdk/lawnnannysdk/jvm/src/test/scala/HttpClient/HttpClient.spec.scala
WARN  no build target: /home/shane/code/LawnnannyApiSdk/lawnnannysdk/jvm/src/test/scala/HttpClient/HttpClient.spec.scala
WARN  no build target: /home/shane/code/LawnnannyApiSdk/lawnnannysdk/shared/src/main/scala/HttpClient/HttpClient.scala
WARN  no build target: /home/shane/code/LawnnannyApiSdk/lawnnannysdk/shared/src/main/scala/HttpClient/HttpClient.scala
WARN  no build target: /home/shane/code/LawnnannyApiSdk/lawnnannysdk/shared/src/main/scala/HttpClient/HttpClient.scala
WARN  no build target: /home/shane/code/LawnnannyApiSdk/lawnnannysdk/shared/src/main/scala/HttpClient/HttpClient.scala
WARN  no build tool detected in workspace '/home/shane/code/LawnnannyApiSdk'. The most common cause for this problem is that the editor was opened in the wrong working directory, for example if you use sbt then the workspace directory should contain build.sbt. 
WARN  no build tool detected in workspace '/home/shane/code/LawnnannyApiSdk'. The most common cause for this problem is that the editor was opened in the wrong working directory, for example if you use sbt then the workspace directory should contain build.sbt. 
WARN  no build tool detected in workspace '/home/shane/code/LawnnannyApiSdk'. The most common cause for this problem is that the editor was opened in the wrong working directory, for example if you use sbt then the workspace directory should contain build.sbt. 
WARN  no build tool detected in workspace '/home/shane/code/LawnnannyApiSdk'. The most common cause for this problem is that the editor was opened in the wrong working directory, for example if you use sbt then the workspace directory should contain build.sbt. 
WARN  no build tool detected in workspace '/home/shane/code/LawnnannyApiSdk'. The most common cause for this problem is that the editor was opened in the wrong working directory, for example if you use sbt then the workspace directory should contain build.sbt. 
WARN  no build tool detected in workspace '/home/shane/code/LawnnannyApiSdk'. The most common cause for this problem is that the editor was opened in the wrong working directory, for example if you use sbt then the workspace directory should contain build.sbt. 
WARN  no build target: /home/shane/code/LawnnannyApiSdk/lawnnannysdk/shared/src/main/scala/HttpClient/HttpClient.scala
WARN  no build target: /home/shane/code/LawnnannyApiSdk/lawnnannysdk/shared/src/main/scala/HttpClient/HttpClient.scala
WARN  no build target: /home/shane/code/LawnnannyApiSdk/lawnnannysdk/shared/src/main/scala/HttpClient/HttpClient.scala
WARN  no build target: /home/shane/code/LawnnannyApiSdk/lawnnannysdk/shared/src/main/scala/HttpClient/HttpClient.scala
WARN  no build target: /home/shane/code/LawnnannyApiSdk/lawnnannysdk/jvm/src/test/scala/HttpClient/HttpClient.spec.scala
WARN  no build tool detected in workspace '/home/shane/code/LawnnannyApiSdk'. The most common cause for this problem is that the editor was opened in the wrong working directory, for example if you use sbt then the workspace directory should contain build.sbt. 
WARN  no build tool detected in workspace '/home/shane/code/LawnnannyApiSdk'. The most common cause for this problem is that the editor was opened in the wrong working directory, for example if you use sbt then the workspace directory should contain build.sbt. 
WARN  no build tool detected in workspace '/home/shane/code/LawnnannyApiSdk'. The most common cause for this problem is that the editor was opened in the wrong working directory, for example if you use sbt then the workspace directory should contain build.sbt. 
WARN  no build tool detected in workspace '/home/shane/code/LawnnannyApiSdk'. The most common cause for this problem is that the editor was opened in the wrong working directory, for example if you use sbt then the workspace directory should contain build.sbt. 
WARN  no build tool detected in workspace '/home/shane/code/LawnnannyApiSdk'. The most common cause for this problem is that the editor was opened in the wrong working directory, for example if you use sbt then the workspace directory should contain build.sbt. 
WARN  no build tool detected in workspace '/home/shane/code/LawnnannyApiSdk'. The most common cause for this problem is that the editor was opened in the wrong working directory, for example if you use sbt then the workspace directory should contain build.sbt. 
WARN  no build target: /home/shane/code/LawnnannyApiSdk/lawnnannysdk/jvm/src/test/scala/HttpClient/HttpClient.spec.scala
WARN  no build tool detected in workspace '/home/shane/code/LawnnannyApiSdk'. The most common cause for this problem is that the editor was opened in the wrong working directory, for example if you use sbt then the workspace directory should contain build.sbt. 
WARN  no build tool detected in workspace '/home/shane/code/LawnnannyApiSdk'. The most common cause for this problem is that the editor was opened in the wrong working directory, for example if you use sbt then the workspace directory should contain build.sbt. 
WARN  no build target: /home/shane/code/LawnnannyApiSdk/lawnnannysdk/jvm/src/test/scala/HttpClient/HttpClient.spec.scala
Jul 04, 2019 2:29:00 PM scala.meta.internal.pc.CompilerAccess handleError
SEVERE: null
java.lang.NullPointerException
	at scala.meta.internal.pc.HoverProvider.hover(HoverProvider.scala:37)

WARN  no build target: /home/shane/code/LawnnannyApiSdk/lawnnannysdk/jvm/src/test/scala/HttpClient/HttpClient.spec.scala
WARN  no build tool detected in workspace '/home/shane/code/LawnnannyApiSdk'. The most common cause for this problem is that the editor was opened in the wrong working directory, for example if you use sbt then the workspace directory should contain build.sbt. 
WARN  no build tool detected in workspace '/home/shane/code/LawnnannyApiSdk'. The most common cause for this problem is that the editor was opened in the wrong working directory, for example if you use sbt then the workspace directory should contain build.sbt. 
WARN  no build tool detected in workspace '/home/shane/code/LawnnannyApiSdk'. The most common cause for this problem is that the editor was opened in the wrong working directory, for example if you use sbt then the workspace directory should contain build.sbt. 
WARN  no build tool detected in workspace '/home/shane/code/LawnnannyApiSdk'. The most common cause for this problem is that the editor was opened in the wrong working directory, for example if you use sbt then the workspace directory should contain build.sbt. 
WARN  no build target: /home/shane/code/LawnnannyApiSdk/lawnnannysdk/jvm/src/test/scala/HttpClient/HttpClient.spec.scala
WARN  no build target: /home/shane/code/LawnnannyApiSdk/lawnnannysdk/jvm/src/test/scala/HttpClient/HttpClient.spec.scala
WARN  no build tool detected in workspace '/home/shane/code/LawnnannyApiSdk'. The most common cause for this problem is that the editor was opened in the wrong working directory, for example if you use sbt then the workspace directory should contain build.sbt. 
WARN  no build tool detected in workspace '/home/shane/code/LawnnannyApiSdk'. The most common cause for this problem is that the editor was opened in the wrong working directory, for example if you use sbt then the workspace directory should contain build.sbt. 
WARN  no build tool detected in workspace '/home/shane/code/LawnnannyApiSdk'. The most common cause for this problem is that the editor was opened in the wrong working directory, for example if you use sbt then the workspace directory should contain build.sbt. 
WARN  no build tool detected in workspace '/home/shane/code/LawnnannyApiSdk'. The most common cause for this problem is that the editor was opened in the wrong working directory, for example if you use sbt then the workspace directory should contain build.sbt. 
WARN  no build tool detected in workspace '/home/shane/code/LawnnannyApiSdk'. The most common cause for this problem is that the editor was opened in the wrong working directory, for example if you use sbt then the workspace directory should contain build.sbt. 
WARN  no build tool detected in workspace '/home/shane/code/LawnnannyApiSdk'. The most common cause for this problem is that the editor was opened in the wrong working directory, for example if you use sbt then the workspace directory should contain build.sbt. 
WARN  no build tool detected in workspace '/home/shane/code/LawnnannyApiSdk'. The most common cause for this problem is that the editor was opened in the wrong working directory, for example if you use sbt then the workspace directory should contain build.sbt. 
WARN  no build tool detected in workspace '/home/shane/code/LawnnannyApiSdk'. The most common cause for this problem is that the editor was opened in the wrong working directory, for example if you use sbt then the workspace directory should contain build.sbt. 
WARN  no build target: /home/shane/code/LawnnannyApiSdk/lawnnannysdk/jvm/src/test/scala/HttpClient/HttpClient.spec.scala
WARN  no build target: /home/shane/code/LawnnannyApiSdk/lawnnannysdk/jvm/src/test/scala/HttpClient/HttpClient.spec.scala
WARN  no build target: /home/shane/code/LawnnannyApiSdk/lawnnannysdk/jvm/src/test/scala/HttpClient/HttpClient.spec.scala
WARN  no build target: /home/shane/code/LawnnannyApiSdk/lawnnannysdk/jvm/src/test/scala/HttpClient/HttpClient.spec.scala
WARN  no build tool detected in workspace '/home/shane/code/LawnnannyApiSdk'. The most common cause for this problem is that the editor was opened in the wrong working directory, for example if you use sbt then the workspace directory should contain build.sbt. 
WARN  no build tool detected in workspace '/home/shane/code/LawnnannyApiSdk'. The most common cause for this problem is that the editor was opened in the wrong working directory, for example if you use sbt then the workspace directory should contain build.sbt. 
WARN  no build tool detected in workspace '/home/shane/code/LawnnannyApiSdk'. The most common cause for this problem is that the editor was opened in the wrong working directory, for example if you use sbt then the workspace directory should contain build.sbt. 
WARN  no build tool detected in workspace '/home/shane/code/LawnnannyApiSdk'. The most common cause for this problem is that the editor was opened in the wrong working directory, for example if you use sbt then the workspace directory should contain build.sbt. 
WARN  no build tool detected in workspace '/home/shane/code/LawnnannyApiSdk'. The most common cause for this problem is that the editor was opened in the wrong working directory, for example if you use sbt then the workspace directory should contain build.sbt. 
WARN  no build tool detected in workspace '/home/shane/code/LawnnannyApiSdk'. The most common cause for this problem is that the editor was opened in the wrong working directory, for example if you use sbt then the workspace directory should contain build.sbt. 
WARN  no build tool detected in workspace '/home/shane/code/LawnnannyApiSdk'. The most common cause for this problem is that the editor was opened in the wrong working directory, for example if you use sbt then the workspace directory should contain build.sbt. 
WARN  no build tool detected in workspace '/home/shane/code/LawnnannyApiSdk'. The most common cause for this problem is that the editor was opened in the wrong working directory, for example if you use sbt then the workspace directory should contain build.sbt. 
WARN  no build tool detected in workspace '/home/shane/code/LawnnannyApiSdk'. The most common cause for this problem is that the editor was opened in the wrong working directory, for example if you use sbt then the workspace directory should contain build.sbt. 
WARN  no build tool detected in workspace '/home/shane/code/LawnnannyApiSdk'. The most common cause for this problem is that the editor was opened in the wrong working directory, for example if you use sbt then the workspace directory should contain build.sbt. 
WARN  no build target: /home/shane/code/LawnnannyApiSdk/lawnnannysdk/jvm/src/test/scala/HttpClient/HttpClient.spec.scala
WARN  no build target: /home/shane/code/LawnnannyApiSdk/lawnnannysdk/jvm/src/test/scala/HttpClient/HttpClient.spec.scala
WARN  no build target: /home/shane/code/LawnnannyApiSdk/lawnnannysdk/jvm/src/test/scala/HttpClient/HttpClient.spec.scala
WARN  no build target: /home/shane/code/LawnnannyApiSdk/lawnnannysdk/jvm/src/test/scala/HttpClient/HttpClient.spec.scala
Jul 04, 2019 2:40:02 PM scala.meta.internal.pc.CompilerAccess handleError
SEVERE: null
java.lang.NullPointerException
	at scala.meta.internal.pc.HoverProvider.seenFromType(HoverProvider.scala:106)
	at scala.meta.internal.pc.HoverProvider.hover(HoverProvider.scala:42)

WARN  no build target: /home/shane/code/LawnnannyApiSdk/lawnnannysdk/jvm/src/test/scala/HttpClient/HttpClient.spec.scala
WARN  no build target: /home/shane/code/LawnnannyApiSdk/lawnnannysdk/jvm/src/test/scala/HttpClient/HttpClient.spec.scala
WARN  no build target: /home/shane/code/LawnnannyApiSdk/lawnnannysdk/build.sbt
WARN  no build target: /home/shane/code/LawnnannyApiSdk/lawnnannysdk/jvm/src/test/scala/HttpClient/HttpClient.spec.scala
Jul 04, 2019 2:44:08 PM scala.meta.internal.pc.CompilerAccess handleError
SEVERE: null
java.lang.NullPointerException
	at scala.meta.internal.pc.HoverProvider.seenFromType(HoverProvider.scala:106)
	at scala.meta.internal.pc.HoverProvider.hover(HoverProvider.scala:42)

WARN  no build target: /home/shane/code/LawnnannyApiSdk/lawnnannysdk/jvm/src/test/scala/HttpClient/HttpClient.spec.scala
Jul 04, 2019 2:45:59 PM scala.meta.internal.pc.CompilerAccess handleError
SEVERE: null
java.lang.NullPointerException
	at scala.meta.internal.pc.HoverProvider.seenFromType(HoverProvider.scala:106)
	at scala.meta.internal.pc.HoverProvider.hover(HoverProvider.scala:42)

WARN  no build target: /home/shane/code/LawnnannyApiSdk/lawnnannysdk/jvm/src/test/scala/HttpClient/HttpClient.spec.scala
Jul 04, 2019 2:46:06 PM scala.meta.internal.pc.CompilerAccess handleError
SEVERE: null
java.lang.NullPointerException
	at scala.meta.internal.pc.HoverProvider.seenFromType(HoverProvider.scala:106)
	at scala.meta.internal.pc.HoverProvider.hover(HoverProvider.scala:42)

WARN  no build target: /home/shane/code/LawnnannyApiSdk/lawnnannysdk/jvm/src/test/scala/HttpClient/HttpClient.spec.scala
Jul 04, 2019 2:46:20 PM scala.meta.internal.pc.CompilerAccess handleError
SEVERE: null
java.lang.NullPointerException
	at scala.meta.internal.pc.HoverProvider.seenFromType(HoverProvider.scala:106)
	at scala.meta.internal.pc.HoverProvider.hover(HoverProvider.scala:42)

Jul 04, 2019 2:46:20 PM scala.meta.internal.pc.CompilerAccess handleError
SEVERE: null
java.lang.NullPointerException
	at scala.meta.internal.pc.HoverProvider.seenFromType(HoverProvider.scala:106)
	at scala.meta.internal.pc.HoverProvider.hover(HoverProvider.scala:42)

Jul 04, 2019 2:46:21 PM scala.meta.internal.pc.CompilerAccess handleError
SEVERE: null
java.lang.NullPointerException
	at scala.meta.internal.pc.HoverProvider.seenFromType(HoverProvider.scala:106)
	at scala.meta.internal.pc.HoverProvider.hover(HoverProvider.scala:42)

Jul 04, 2019 2:46:58 PM scala.meta.internal.pc.CompilerAccess handleError
SEVERE: null
java.lang.NullPointerException
	at scala.meta.internal.pc.HoverProvider.hover(HoverProvider.scala:37)

Jul 04, 2019 2:46:58 PM scala.meta.internal.pc.CompilerAccess handleError
SEVERE: null
java.lang.NullPointerException
	at scala.meta.internal.pc.HoverProvider.hover(HoverProvider.scala:37)

WARN  no build tool detected in workspace '/home/shane/code/LawnnannyApiSdk'. The most common cause for this problem is that the editor was opened in the wrong working directory, for example if you use sbt then the workspace directory should contain build.sbt. 
WARN  no build tool detected in workspace '/home/shane/code/LawnnannyApiSdk'. The most common cause for this problem is that the editor was opened in the wrong working directory, for example if you use sbt then the workspace directory should contain build.sbt. 
WARN  no build target: /home/shane/code/LawnnannyApiSdk/lawnnannysdk/jvm/src/test/scala/HttpClient/HttpClient.spec.scala
Jul 04, 2019 2:47:48 PM scala.meta.internal.pc.CompilerAccess handleError
SEVERE: null
java.lang.NullPointerException
	at scala.meta.internal.pc.HoverProvider.seenFromType(HoverProvider.scala:106)
	at scala.meta.internal.pc.HoverProvider.hover(HoverProvider.scala:42)

WARN  no build target: /home/shane/code/LawnnannyApiSdk/lawnnannysdk/jvm/src/test/scala/HttpClient/HttpClient.spec.scala
Jul 04, 2019 2:48:17 PM scala.meta.internal.pc.CompilerAccess handleError
SEVERE: null
java.lang.NullPointerException
	at scala.meta.internal.pc.HoverProvider.hover(HoverProvider.scala:37)

Jul 04, 2019 2:48:18 PM scala.meta.internal.pc.CompilerAccess handleError
SEVERE: null
java.lang.NullPointerException
	at scala.meta.internal.pc.HoverProvider.hover(HoverProvider.scala:37)

WARN  no build tool detected in workspace '/home/shane/code/LawnnannyApiSdk'. The most common cause for this problem is that the editor was opened in the wrong working directory, for example if you use sbt then the workspace directory should contain build.sbt. 
WARN  no build tool detected in workspace '/home/shane/code/LawnnannyApiSdk'. The most common cause for this problem is that the editor was opened in the wrong working directory, for example if you use sbt then the workspace directory should contain build.sbt. 
WARN  no build tool detected in workspace '/home/shane/code/LawnnannyApiSdk'. The most common cause for this problem is that the editor was opened in the wrong working directory, for example if you use sbt then the workspace directory should contain build.sbt. 
WARN  no build tool detected in workspace '/home/shane/code/LawnnannyApiSdk'. The most common cause for this problem is that the editor was opened in the wrong working directory, for example if you use sbt then the workspace directory should contain build.sbt. 
Jul 04, 2019 2:48:19 PM scala.meta.internal.pc.CompilerAccess handleError
SEVERE: null
java.lang.NullPointerException
	at scala.meta.internal.pc.HoverProvider.hover(HoverProvider.scala:37)

Jul 04, 2019 2:48:21 PM scala.meta.internal.pc.CompilerAccess handleError
SEVERE: null
java.lang.NullPointerException
	at scala.meta.internal.pc.HoverProvider.hover(HoverProvider.scala:37)

WARN  no build target: /home/shane/code/LawnnannyApiSdk/lawnnannysdk/jvm/src/test/scala/HttpClient/HttpClient.spec.scala
Jul 04, 2019 2:49:42 PM scala.meta.internal.pc.CompilerAccess handleError
SEVERE: null
java.lang.NullPointerException
	at scala.meta.internal.pc.HoverProvider.seenFromType(HoverProvider.scala:106)
	at scala.meta.internal.pc.HoverProvider.hover(HoverProvider.scala:42)

Jul 04, 2019 2:50:15 PM scala.meta.internal.pc.CompilerAccess handleError
SEVERE: null
java.lang.NullPointerException
	at scala.meta.internal.pc.HoverProvider.seenFromType(HoverProvider.scala:106)
	at scala.meta.internal.pc.HoverProvider.hover(HoverProvider.scala:42)

WARN  no build target: /home/shane/code/LawnnannyApiSdk/lawnnannysdk/jvm/src/test/scala/HttpClient/HttpClient.spec.scala
WARN  no build target: /home/shane/code/LawnnannyApiSdk/lawnnannysdk/jvm/src/test/scala/HttpClient/HttpClient.spec.scala
WARN  no build target: /home/shane/code/LawnnannyApiSdk/lawnnannysdk/jvm/src/test/scala/HttpClient/HttpClient.spec.scala
WARN  no build tool detected in workspace '/home/shane/code/LawnnannyApiSdk'. The most common cause for this problem is that the editor was opened in the wrong working directory, for example if you use sbt then the workspace directory should contain build.sbt. 
WARN  no build tool detected in workspace '/home/shane/code/LawnnannyApiSdk'. The most common cause for this problem is that the editor was opened in the wrong working directory, for example if you use sbt then the workspace directory should contain build.sbt. 
WARN  no build target: /home/shane/code/LawnnannyApiSdk/lawnnannysdk/jvm/src/test/scala/HttpClient/HttpClient.spec.scala
WARN  no build target: /home/shane/code/LawnnannyApiSdk/lawnnannysdk/jvm/src/test/scala/HttpClient/HttpClient.spec.scala
WARN  no build target: /home/shane/code/LawnnannyApiSdk/lawnnannysdk/jvm/src/test/scala/HttpClient/HttpClient.spec.scala
Jul 04, 2019 2:54:05 PM scala.meta.internal.pc.CompilerAccess handleError
SEVERE: null
java.lang.NullPointerException
	at scala.meta.internal.pc.HoverProvider.seenFromType(HoverProvider.scala:106)
	at scala.meta.internal.pc.HoverProvider.hover(HoverProvider.scala:42)

WARN  no build target: /home/shane/code/LawnnannyApiSdk/lawnnannysdk/jvm/src/test/scala/HttpClient/HttpClient.spec.scala
WARN  no build tool detected in workspace '/home/shane/code/LawnnannyApiSdk'. The most common cause for this problem is that the editor was opened in the wrong working directory, for example if you use sbt then the workspace directory should contain build.sbt. 
WARN  no build tool detected in workspace '/home/shane/code/LawnnannyApiSdk'. The most common cause for this problem is that the editor was opened in the wrong working directory, for example if you use sbt then the workspace directory should contain build.sbt. 
Jul 04, 2019 2:55:01 PM scala.meta.internal.pc.CompilerAccess handleError
SEVERE: null
java.lang.NullPointerException
	at scala.meta.internal.pc.HoverProvider.seenFromType(HoverProvider.scala:106)
	at scala.meta.internal.pc.HoverProvider.hover(HoverProvider.scala:42)

WARN  no build target: /home/shane/code/LawnnannyApiSdk/lawnnannysdk/jvm/src/test/scala/HttpClient/HttpClient.spec.scala
WARN  no build target: /home/shane/code/LawnnannyApiSdk/lawnnannysdk/jvm/src/test/scala/HttpClient/HttpClient.spec.scala
WARN  no build target: /home/shane/code/LawnnannyApiSdk/lawnnannysdk/shared/src/main/scala/HttpClient/HttpClient.scala
WARN  no build target: /home/shane/code/LawnnannyApiSdk/lawnnannysdk/jvm/src/test/scala/HttpClient/HttpClient.spec.scala
WARN  no build target: /home/shane/code/LawnnannyApiSdk/lawnnannysdk/jvm/src/test/scala/HttpClient/HttpClient.spec.scala
WARN  no build target: /home/shane/code/LawnnannyApiSdk/lawnnannysdk/shared/src/main/scala/HttpClient/HttpClient.scala
WARN  no build target: /home/shane/code/LawnnannyApiSdk/lawnnannysdk/jvm/src/test/scala/HttpClient/HttpClient.spec.scala
WARN  no build target: /home/shane/code/LawnnannyApiSdk/lawnnannysdk/jvm/src/test/scala/HttpClient/HttpClient.spec.scala
WARN  no build target: /home/shane/code/LawnnannyApiSdk/lawnnannysdk/jvm/src/test/scala/HttpClient/HttpClient.spec.scala
WARN  no build tool detected in workspace '/home/shane/code/LawnnannyApiSdk'. The most common cause for this problem is that the editor was opened in the wrong working directory, for example if you use sbt then the workspace directory should contain build.sbt. 
WARN  no build tool detected in workspace '/home/shane/code/LawnnannyApiSdk'. The most common cause for this problem is that the editor was opened in the wrong working directory, for example if you use sbt then the workspace directory should contain build.sbt. 
WARN  no build tool detected in workspace '/home/shane/code/LawnnannyApiSdk'. The most common cause for this problem is that the editor was opened in the wrong working directory, for example if you use sbt then the workspace directory should contain build.sbt. 
WARN  no build tool detected in workspace '/home/shane/code/LawnnannyApiSdk'. The most common cause for this problem is that the editor was opened in the wrong working directory, for example if you use sbt then the workspace directory should contain build.sbt. 
WARN  no build tool detected in workspace '/home/shane/code/LawnnannyApiSdk'. The most common cause for this problem is that the editor was opened in the wrong working directory, for example if you use sbt then the workspace directory should contain build.sbt. 
WARN  no build tool detected in workspace '/home/shane/code/LawnnannyApiSdk'. The most common cause for this problem is that the editor was opened in the wrong working directory, for example if you use sbt then the workspace directory should contain build.sbt. 
WARN  no build tool detected in workspace '/home/shane/code/LawnnannyApiSdk'. The most common cause for this problem is that the editor was opened in the wrong working directory, for example if you use sbt then the workspace directory should contain build.sbt. 
WARN  no build tool detected in workspace '/home/shane/code/LawnnannyApiSdk'. The most common cause for this problem is that the editor was opened in the wrong working directory, for example if you use sbt then the workspace directory should contain build.sbt. 
WARN  no build tool detected in workspace '/home/shane/code/LawnnannyApiSdk'. The most common cause for this problem is that the editor was opened in the wrong working directory, for example if you use sbt then the workspace directory should contain build.sbt. 
WARN  no build tool detected in workspace '/home/shane/code/LawnnannyApiSdk'. The most common cause for this problem is that the editor was opened in the wrong working directory, for example if you use sbt then the workspace directory should contain build.sbt. 
WARN  no build target: /home/shane/code/LawnnannyApiSdk/lawnnannysdk/jvm/src/test/scala/HttpClient/HttpClient.spec.scala
WARN  no build tool detected in workspace '/home/shane/code/LawnnannyApiSdk'. The most common cause for this problem is that the editor was opened in the wrong working directory, for example if you use sbt then the workspace directory should contain build.sbt. 
WARN  no build tool detected in workspace '/home/shane/code/LawnnannyApiSdk'. The most common cause for this problem is that the editor was opened in the wrong working directory, for example if you use sbt then the workspace directory should contain build.sbt. 
WARN  no build tool detected in workspace '/home/shane/code/LawnnannyApiSdk'. The most common cause for this problem is that the editor was opened in the wrong working directory, for example if you use sbt then the workspace directory should contain build.sbt. 
WARN  no build tool detected in workspace '/home/shane/code/LawnnannyApiSdk'. The most common cause for this problem is that the editor was opened in the wrong working directory, for example if you use sbt then the workspace directory should contain build.sbt. 
WARN  no build tool detected in workspace '/home/shane/code/LawnnannyApiSdk'. The most common cause for this problem is that the editor was opened in the wrong working directory, for example if you use sbt then the workspace directory should contain build.sbt. 
WARN  no build tool detected in workspace '/home/shane/code/LawnnannyApiSdk'. The most common cause for this problem is that the editor was opened in the wrong working directory, for example if you use sbt then the workspace directory should contain build.sbt. 
WARN  no build tool detected in workspace '/home/shane/code/LawnnannyApiSdk'. The most common cause for this problem is that the editor was opened in the wrong working directory, for example if you use sbt then the workspace directory should contain build.sbt. 
WARN  no build tool detected in workspace '/home/shane/code/LawnnannyApiSdk'. The most common cause for this problem is that the editor was opened in the wrong working directory, for example if you use sbt then the workspace directory should contain build.sbt. 
WARN  no build tool detected in workspace '/home/shane/code/LawnnannyApiSdk'. The most common cause for this problem is that the editor was opened in the wrong working directory, for example if you use sbt then the workspace directory should contain build.sbt. 
WARN  no build tool detected in workspace '/home/shane/code/LawnnannyApiSdk'. The most common cause for this problem is that the editor was opened in the wrong working directory, for example if you use sbt then the workspace directory should contain build.sbt. 
WARN  no build target: /home/shane/code/LawnnannyApiSdk/lawnnannysdk/jvm/src/test/scala/HttpClient/HttpClient.spec.scala
WARN  no build target: /home/shane/code/LawnnannyApiSdk/lawnnannysdk/jvm/src/test/scala/HttpClient/HttpClient.spec.scala
WARN  no build target: /home/shane/code/LawnnannyApiSdk/lawnnannysdk/jvm/src/test/scala/HttpClient/HttpClient.spec.scala
WARN  no build target: /home/shane/code/LawnnannyApiSdk/lawnnannysdk/jvm/src/test/scala/HttpClient/HttpClient.spec.scala
WARN  no build tool detected in workspace '/home/shane/code/LawnnannyApiSdk'. The most common cause for this problem is that the editor was opened in the wrong working directory, for example if you use sbt then the workspace directory should contain build.sbt. 
WARN  no build tool detected in workspace '/home/shane/code/LawnnannyApiSdk'. The most common cause for this problem is that the editor was opened in the wrong working directory, for example if you use sbt then the workspace directory should contain build.sbt. 
WARN  no build tool detected in workspace '/home/shane/code/LawnnannyApiSdk'. The most common cause for this problem is that the editor was opened in the wrong working directory, for example if you use sbt then the workspace directory should contain build.sbt. 
WARN  no build tool detected in workspace '/home/shane/code/LawnnannyApiSdk'. The most common cause for this problem is that the editor was opened in the wrong working directory, for example if you use sbt then the workspace directory should contain build.sbt. 
WARN  no build target: /home/shane/code/LawnnannyApiSdk/lawnnannysdk/jvm/src/test/scala/HttpClient/HttpClient.spec.scala
WARN  no build tool detected in workspace '/home/shane/code/LawnnannyApiSdk'. The most common cause for this problem is that the editor was opened in the wrong working directory, for example if you use sbt then the workspace directory should contain build.sbt. 
WARN  no build tool detected in workspace '/home/shane/code/LawnnannyApiSdk'. The most common cause for this problem is that the editor was opened in the wrong working directory, for example if you use sbt then the workspace directory should contain build.sbt. 
WARN  no build tool detected in workspace '/home/shane/code/LawnnannyApiSdk'. The most common cause for this problem is that the editor was opened in the wrong working directory, for example if you use sbt then the workspace directory should contain build.sbt. 
WARN  no build tool detected in workspace '/home/shane/code/LawnnannyApiSdk'. The most common cause for this problem is that the editor was opened in the wrong working directory, for example if you use sbt then the workspace directory should contain build.sbt. 
WARN  no build tool detected in workspace '/home/shane/code/LawnnannyApiSdk'. The most common cause for this problem is that the editor was opened in the wrong working directory, for example if you use sbt then the workspace directory should contain build.sbt. 
WARN  no build tool detected in workspace '/home/shane/code/LawnnannyApiSdk'. The most common cause for this problem is that the editor was opened in the wrong working directory, for example if you use sbt then the workspace directory should contain build.sbt. 
WARN  no build tool detected in workspace '/home/shane/code/LawnnannyApiSdk'. The most common cause for this problem is that the editor was opened in the wrong working directory, for example if you use sbt then the workspace directory should contain build.sbt. 
WARN  no build tool detected in workspace '/home/shane/code/LawnnannyApiSdk'. The most common cause for this problem is that the editor was opened in the wrong working directory, for example if you use sbt then the workspace directory should contain build.sbt. 
WARN  no build target: /home/shane/code/LawnnannyApiSdk/lawnnannysdk/jvm/src/test/scala/HttpClient/HttpClient.spec.scala
WARN  no build tool detected in workspace '/home/shane/code/LawnnannyApiSdk'. The most common cause for this problem is that the editor was opened in the wrong working directory, for example if you use sbt then the workspace directory should contain build.sbt. 
WARN  no build tool detected in workspace '/home/shane/code/LawnnannyApiSdk'. The most common cause for this problem is that the editor was opened in the wrong working directory, for example if you use sbt then the workspace directory should contain build.sbt. 
WARN  no build target: /home/shane/code/LawnnannyApiSdk/lawnnannysdk/jvm/src/test/scala/HttpClient/HttpClient.spec.scala
WARN  no build target: /home/shane/code/LawnnannyApiSdk/lawnnannysdk/jvm/src/test/scala/HttpClient/HttpClient.spec.scala
WARN  no build target: /home/shane/code/LawnnannyApiSdk/lawnnannysdk/jvm/src/test/scala/HttpClient/HttpClient.spec.scala
Jul 04, 2019 3:04:57 PM scala.meta.internal.pc.CompilerAccess handleError
SEVERE: null
java.lang.NullPointerException
	at scala.meta.internal.pc.HoverProvider.seenFromType(HoverProvider.scala:106)
	at scala.meta.internal.pc.HoverProvider.hover(HoverProvider.scala:42)

Jul 04, 2019 3:04:57 PM scala.meta.internal.pc.CompilerAccess handleError
SEVERE: null
java.lang.NullPointerException
	at scala.meta.internal.pc.HoverProvider.seenFromType(HoverProvider.scala:106)
	at scala.meta.internal.pc.HoverProvider.hover(HoverProvider.scala:42)

WARN  no build tool detected in workspace '/home/shane/code/LawnnannyApiSdk'. The most common cause for this problem is that the editor was opened in the wrong working directory, for example if you use sbt then the workspace directory should contain build.sbt. 
WARN  no build tool detected in workspace '/home/shane/code/LawnnannyApiSdk'. The most common cause for this problem is that the editor was opened in the wrong working directory, for example if you use sbt then the workspace directory should contain build.sbt. 
WARN  no build tool detected in workspace '/home/shane/code/LawnnannyApiSdk'. The most common cause for this problem is that the editor was opened in the wrong working directory, for example if you use sbt then the workspace directory should contain build.sbt. 
WARN  no build tool detected in workspace '/home/shane/code/LawnnannyApiSdk'. The most common cause for this problem is that the editor was opened in the wrong working directory, for example if you use sbt then the workspace directory should contain build.sbt. 
WARN  no build target: /home/shane/code/LawnnannyApiSdk/lawnnannysdk/jvm/src/test/scala/HttpClient/HttpClient.spec.scala
WARN  no build target: /home/shane/code/LawnnannyApiSdk/lawnnannysdk/jvm/src/test/scala/HttpClient/HttpClient.spec.scala
WARN  no build tool detected in workspace '/home/shane/code/LawnnannyApiSdk'. The most common cause for this problem is that the editor was opened in the wrong working directory, for example if you use sbt then the workspace directory should contain build.sbt. 
WARN  no build tool detected in workspace '/home/shane/code/LawnnannyApiSdk'. The most common cause for this problem is that the editor was opened in the wrong working directory, for example if you use sbt then the workspace directory should contain build.sbt. 
WARN  no build target: /home/shane/code/LawnnannyApiSdk/lawnnannysdk/jvm/src/test/scala/HttpClient/HttpClient.spec.scala
WARN  no build tool detected in workspace '/home/shane/code/LawnnannyApiSdk'. The most common cause for this problem is that the editor was opened in the wrong working directory, for example if you use sbt then the workspace directory should contain build.sbt. 
WARN  no build tool detected in workspace '/home/shane/code/LawnnannyApiSdk'. The most common cause for this problem is that the editor was opened in the wrong working directory, for example if you use sbt then the workspace directory should contain build.sbt. 
WARN  no build target: /home/shane/code/LawnnannyApiSdk/lawnnannysdk/jvm/src/test/scala/HttpClient/HttpClient.spec.scala
WARN  no build target: /home/shane/code/LawnnannyApiSdk/lawnnannysdk/jvm/src/test/scala/HttpClient/HttpClient.spec.scala
WARN  no build target: /home/shane/code/LawnnannyApiSdk/lawnnannysdk/jvm/src/test/scala/HttpClient/HttpClient.spec.scala
WARN  no build target: /home/shane/code/LawnnannyApiSdk/lawnnannysdk/jvm/src/test/scala/HttpClient/HttpClient.spec.scala
WARN  no build target: /home/shane/code/LawnnannyApiSdk/lawnnannysdk/jvm/src/test/scala/HttpClient/HttpClient.spec.scala
WARN  no build tool detected in workspace '/home/shane/code/LawnnannyApiSdk'. The most common cause for this problem is that the editor was opened in the wrong working directory, for example if you use sbt then the workspace directory should contain build.sbt. 
WARN  no build tool detected in workspace '/home/shane/code/LawnnannyApiSdk'. The most common cause for this problem is that the editor was opened in the wrong working directory, for example if you use sbt then the workspace directory should contain build.sbt. 
WARN  no build tool detected in workspace '/home/shane/code/LawnnannyApiSdk'. The most common cause for this problem is that the editor was opened in the wrong working directory, for example if you use sbt then the workspace directory should contain build.sbt. 
WARN  no build tool detected in workspace '/home/shane/code/LawnnannyApiSdk'. The most common cause for this problem is that the editor was opened in the wrong working directory, for example if you use sbt then the workspace directory should contain build.sbt. 
WARN  no build tool detected in workspace '/home/shane/code/LawnnannyApiSdk'. The most common cause for this problem is that the editor was opened in the wrong working directory, for example if you use sbt then the workspace directory should contain build.sbt. 
WARN  no build tool detected in workspace '/home/shane/code/LawnnannyApiSdk'. The most common cause for this problem is that the editor was opened in the wrong working directory, for example if you use sbt then the workspace directory should contain build.sbt. 
WARN  no build target: /home/shane/code/LawnnannyApiSdk/lawnnannysdk/jvm/src/test/scala/HttpClient/HttpClient.spec.scala
WARN  no build target: /home/shane/code/LawnnannyApiSdk/lawnnannysdk/jvm/src/test/scala/HttpClient/HttpClient.spec.scala
WARN  no build target: /home/shane/code/LawnnannyApiSdk/lawnnannysdk/jvm/src/test/scala/HttpClient/HttpClient.spec.scala
WARN  no build target: /home/shane/code/LawnnannyApiSdk/lawnnannysdk/jvm/src/test/scala/HttpClient/HttpClient.spec.scala
WARN  no build target: /home/shane/code/LawnnannyApiSdk/lawnnannysdk/jvm/src/test/scala/HttpClient/HttpClient.spec.scala
WARN  no build target: /home/shane/code/LawnnannyApiSdk/lawnnannysdk/jvm/src/test/scala/HttpClient/HttpClient.spec.scala
WARN  no build target: /home/shane/code/LawnnannyApiSdk/lawnnannysdk/jvm/src/test/scala/HttpClient/HttpClient.spec.scala
WARN  no build target: /home/shane/code/LawnnannyApiSdk/lawnnannysdk/jvm/src/test/scala/HttpClient/HttpClient.spec.scala
WARN  no build tool detected in workspace '/home/shane/code/LawnnannyApiSdk'. The most common cause for this problem is that the editor was opened in the wrong working directory, for example if you use sbt then the workspace directory should contain build.sbt. 
WARN  no build tool detected in workspace '/home/shane/code/LawnnannyApiSdk'. The most common cause for this problem is that the editor was opened in the wrong working directory, for example if you use sbt then the workspace directory should contain build.sbt. 
WARN  no build tool detected in workspace '/home/shane/code/LawnnannyApiSdk'. The most common cause for this problem is that the editor was opened in the wrong working directory, for example if you use sbt then the workspace directory should contain build.sbt. 
WARN  no build tool detected in workspace '/home/shane/code/LawnnannyApiSdk'. The most common cause for this problem is that the editor was opened in the wrong working directory, for example if you use sbt then the workspace directory should contain build.sbt. 
WARN  no build target: /home/shane/code/LawnnannyApiSdk/lawnnannysdk/jvm/src/test/scala/HttpClient/HttpClient.spec.scala
WARN  no build target: /home/shane/code/LawnnannyApiSdk/lawnnannysdk/jvm/src/test/scala/HttpClient/HttpClient.spec.scala
WARN  no build target: /home/shane/code/LawnnannyApiSdk/lawnnannysdk/jvm/src/test/scala/HttpClient/HttpClient.spec.scala
WARN  no build target: /home/shane/code/LawnnannyApiSdk/lawnnannysdk/jvm/src/test/scala/HttpClient/HttpClient.spec.scala
WARN  no build tool detected in workspace '/home/shane/code/LawnnannyApiSdk'. The most common cause for this problem is that the editor was opened in the wrong working directory, for example if you use sbt then the workspace directory should contain build.sbt. 
WARN  no build tool detected in workspace '/home/shane/code/LawnnannyApiSdk'. The most common cause for this problem is that the editor was opened in the wrong working directory, for example if you use sbt then the workspace directory should contain build.sbt. 
WARN  no build target: /home/shane/code/LawnnannyApiSdk/lawnnannysdk/shared/src/main/scala/HttpClient/HttpClient.scala
WARN  no build target: /home/shane/code/LawnnannyApiSdk/lawnnannysdk/shared/src/main/scala/HttpClient/HttpClient.scala
WARN  no build target: /home/shane/code/LawnnannyApiSdk/lawnnannysdk/build.sbt
WARN  no build target: /home/shane/code/LawnnannyApiSdk/lawnnannysdk/shared/src/main/scala/HttpClient/HttpClient.scala
WARN  no build target: /home/shane/code/LawnnannyApiSdk/lawnnannysdk/jvm/src/test/scala/HttpClient/HttpClient.spec.scala
WARN  no build target: /home/shane/code/LawnnannyApiSdk/lawnnannysdk/jvm/src/test/scala/HttpClient/HttpClient.spec.scala
WARN  no build target: /home/shane/code/LawnnannyApiSdk/lawnnannysdk/build.sbt
WARN  no build target: /home/shane/code/LawnnannyApiSdk/lawnnannysdk/build.sbt
WARN  no build target: /home/shane/code/LawnnannyApiSdk/lawnnannysdk/jvm/src/test/scala/HttpClient/HttpClient.spec.scala
WARN  no build tool detected in workspace '/home/shane/code/LawnnannyApiSdk'. The most common cause for this problem is that the editor was opened in the wrong working directory, for example if you use sbt then the workspace directory should contain build.sbt. 
WARN  no build tool detected in workspace '/home/shane/code/LawnnannyApiSdk'. The most common cause for this problem is that the editor was opened in the wrong working directory, for example if you use sbt then the workspace directory should contain build.sbt. 
WARN  no build target: /home/shane/code/LawnnannyApiSdk/lawnnannysdk/shared/src/main/scala/HttpClient/HttpClient.scala
WARN  no build tool detected in workspace '/home/shane/code/LawnnannyApiSdk'. The most common cause for this problem is that the editor was opened in the wrong working directory, for example if you use sbt then the workspace directory should contain build.sbt. 
WARN  no build tool detected in workspace '/home/shane/code/LawnnannyApiSdk'. The most common cause for this problem is that the editor was opened in the wrong working directory, for example if you use sbt then the workspace directory should contain build.sbt. 
WARN  no build tool detected in workspace '/home/shane/code/LawnnannyApiSdk'. The most common cause for this problem is that the editor was opened in the wrong working directory, for example if you use sbt then the workspace directory should contain build.sbt. 
WARN  no build tool detected in workspace '/home/shane/code/LawnnannyApiSdk'. The most common cause for this problem is that the editor was opened in the wrong working directory, for example if you use sbt then the workspace directory should contain build.sbt. 
WARN  no build tool detected in workspace '/home/shane/code/LawnnannyApiSdk'. The most common cause for this problem is that the editor was opened in the wrong working directory, for example if you use sbt then the workspace directory should contain build.sbt. 
WARN  no build tool detected in workspace '/home/shane/code/LawnnannyApiSdk'. The most common cause for this problem is that the editor was opened in the wrong working directory, for example if you use sbt then the workspace directory should contain build.sbt. 
WARN  no build tool detected in workspace '/home/shane/code/LawnnannyApiSdk'. The most common cause for this problem is that the editor was opened in the wrong working directory, for example if you use sbt then the workspace directory should contain build.sbt. 
WARN  no build tool detected in workspace '/home/shane/code/LawnnannyApiSdk'. The most common cause for this problem is that the editor was opened in the wrong working directory, for example if you use sbt then the workspace directory should contain build.sbt. 
WARN  no build tool detected in workspace '/home/shane/code/LawnnannyApiSdk'. The most common cause for this problem is that the editor was opened in the wrong working directory, for example if you use sbt then the workspace directory should contain build.sbt. 
WARN  no build tool detected in workspace '/home/shane/code/LawnnannyApiSdk'. The most common cause for this problem is that the editor was opened in the wrong working directory, for example if you use sbt then the workspace directory should contain build.sbt. 
WARN  no build tool detected in workspace '/home/shane/code/LawnnannyApiSdk'. The most common cause for this problem is that the editor was opened in the wrong working directory, for example if you use sbt then the workspace directory should contain build.sbt. 
WARN  no build tool detected in workspace '/home/shane/code/LawnnannyApiSdk'. The most common cause for this problem is that the editor was opened in the wrong working directory, for example if you use sbt then the workspace directory should contain build.sbt. 
WARN  no build tool detected in workspace '/home/shane/code/LawnnannyApiSdk'. The most common cause for this problem is that the editor was opened in the wrong working directory, for example if you use sbt then the workspace directory should contain build.sbt. 
WARN  no build tool detected in workspace '/home/shane/code/LawnnannyApiSdk'. The most common cause for this problem is that the editor was opened in the wrong working directory, for example if you use sbt then the workspace directory should contain build.sbt. 
WARN  no build tool detected in workspace '/home/shane/code/LawnnannyApiSdk'. The most common cause for this problem is that the editor was opened in the wrong working directory, for example if you use sbt then the workspace directory should contain build.sbt. 
WARN  no build tool detected in workspace '/home/shane/code/LawnnannyApiSdk'. The most common cause for this problem is that the editor was opened in the wrong working directory, for example if you use sbt then the workspace directory should contain build.sbt. 
WARN  no build tool detected in workspace '/home/shane/code/LawnnannyApiSdk'. The most common cause for this problem is that the editor was opened in the wrong working directory, for example if you use sbt then the workspace directory should contain build.sbt. 
WARN  no build tool detected in workspace '/home/shane/code/LawnnannyApiSdk'. The most common cause for this problem is that the editor was opened in the wrong working directory, for example if you use sbt then the workspace directory should contain build.sbt. 
WARN  no build tool detected in workspace '/home/shane/code/LawnnannyApiSdk'. The most common cause for this problem is that the editor was opened in the wrong working directory, for example if you use sbt then the workspace directory should contain build.sbt. 
WARN  no build tool detected in workspace '/home/shane/code/LawnnannyApiSdk'. The most common cause for this problem is that the editor was opened in the wrong working directory, for example if you use sbt then the workspace directory should contain build.sbt. 
WARN  no build tool detected in workspace '/home/shane/code/LawnnannyApiSdk'. The most common cause for this problem is that the editor was opened in the wrong working directory, for example if you use sbt then the workspace directory should contain build.sbt. 
WARN  no build tool detected in workspace '/home/shane/code/LawnnannyApiSdk'. The most common cause for this problem is that the editor was opened in the wrong working directory, for example if you use sbt then the workspace directory should contain build.sbt. 
WARN  no build tool detected in workspace '/home/shane/code/LawnnannyApiSdk'. The most common cause for this problem is that the editor was opened in the wrong working directory, for example if you use sbt then the workspace directory should contain build.sbt. 
WARN  no build tool detected in workspace '/home/shane/code/LawnnannyApiSdk'. The most common cause for this problem is that the editor was opened in the wrong working directory, for example if you use sbt then the workspace directory should contain build.sbt. 
WARN  no build tool detected in workspace '/home/shane/code/LawnnannyApiSdk'. The most common cause for this problem is that the editor was opened in the wrong working directory, for example if you use sbt then the workspace directory should contain build.sbt. 
WARN  no build tool detected in workspace '/home/shane/code/LawnnannyApiSdk'. The most common cause for this problem is that the editor was opened in the wrong working directory, for example if you use sbt then the workspace directory should contain build.sbt. 
WARN  no build target: /home/shane/code/LawnnannyApiSdk/lawnnannysdk/shared/src/main/scala/HttpClient/HttpClient.scala
WARN  no build tool detected in workspace '/home/shane/code/LawnnannyApiSdk'. The most common cause for this problem is that the editor was opened in the wrong working directory, for example if you use sbt then the workspace directory should contain build.sbt. 
WARN  no build tool detected in workspace '/home/shane/code/LawnnannyApiSdk'. The most common cause for this problem is that the editor was opened in the wrong working directory, for example if you use sbt then the workspace directory should contain build.sbt. 
WARN  no build target: /home/shane/code/LawnnannyApiSdk/lawnnannysdk/shared/src/main/scala/HttpClient/HttpClient.scala
WARN  no build tool detected in workspace '/home/shane/code/LawnnannyApiSdk'. The most common cause for this problem is that the editor was opened in the wrong working directory, for example if you use sbt then the workspace directory should contain build.sbt. 
WARN  no build tool detected in workspace '/home/shane/code/LawnnannyApiSdk'. The most common cause for this problem is that the editor was opened in the wrong working directory, for example if you use sbt then the workspace directory should contain build.sbt. 
WARN  no build tool detected in workspace '/home/shane/code/LawnnannyApiSdk'. The most common cause for this problem is that the editor was opened in the wrong working directory, for example if you use sbt then the workspace directory should contain build.sbt. 
WARN  no build tool detected in workspace '/home/shane/code/LawnnannyApiSdk'. The most common cause for this problem is that the editor was opened in the wrong working directory, for example if you use sbt then the workspace directory should contain build.sbt. 
WARN  no build tool detected in workspace '/home/shane/code/LawnnannyApiSdk'. The most common cause for this problem is that the editor was opened in the wrong working directory, for example if you use sbt then the workspace directory should contain build.sbt. 
INFO  shutting down Metals
